<?xml version="1.0" encoding="UTF-8"?>
<testsuite name="com.web.products.ProductsApplicationTests" tests="1" skipped="0" failures="0" errors="0" timestamp="2021-05-22T13:52:24" hostname="pedropbazzo" time="0.217">
  <properties/>
  <testcase name="contextLoads()" classname="com.web.products.ProductsApplicationTests" time="0.217"/>
  <system-out><![CDATA[10:52:16.251 [Test worker] DEBUG org.springframework.test.context.BootstrapUtils - Instantiating CacheAwareContextLoaderDelegate from class [org.springframework.test.context.cache.DefaultCacheAwareContextLoaderDelegate]
10:52:16.292 [Test worker] DEBUG org.springframework.test.context.BootstrapUtils - Instantiating BootstrapContext using constructor [public org.springframework.test.context.support.DefaultBootstrapContext(java.lang.Class,org.springframework.test.context.CacheAwareContextLoaderDelegate)]
10:52:16.374 [Test worker] DEBUG org.springframework.test.context.BootstrapUtils - Instantiating TestContextBootstrapper for test class [com.web.products.ProductsApplicationTests] from class [org.springframework.boot.test.context.SpringBootTestContextBootstrapper]
10:52:16.415 [Test worker] INFO org.springframework.boot.test.context.SpringBootTestContextBootstrapper - Neither @ContextConfiguration nor @ContextHierarchy found for test class [com.web.products.ProductsApplicationTests], using SpringBootContextLoader
10:52:16.437 [Test worker] DEBUG org.springframework.test.context.support.AbstractContextLoader - Did not detect default resource location for test class [com.web.products.ProductsApplicationTests]: class path resource [com/web/products/ProductsApplicationTests-context.xml] does not exist
10:52:16.439 [Test worker] DEBUG org.springframework.test.context.support.AbstractContextLoader - Did not detect default resource location for test class [com.web.products.ProductsApplicationTests]: class path resource [com/web/products/ProductsApplicationTestsContext.groovy] does not exist
10:52:16.440 [Test worker] INFO org.springframework.test.context.support.AbstractContextLoader - Could not detect default resource locations for test class [com.web.products.ProductsApplicationTests]: no resource found for suffixes {-context.xml, Context.groovy}.
10:52:16.442 [Test worker] INFO org.springframework.test.context.support.AnnotationConfigContextLoaderUtils - Could not detect default configuration classes for test class [com.web.products.ProductsApplicationTests]: ProductsApplicationTests does not declare any static, non-private, non-final, nested classes annotated with @Configuration.
10:52:16.527 [Test worker] DEBUG org.springframework.test.context.support.ActiveProfilesUtils - Could not find an 'annotation declaring class' for annotation type [org.springframework.test.context.ActiveProfiles] and class [com.web.products.ProductsApplicationTests]
10:52:16.612 [Test worker] DEBUG org.springframework.context.annotation.ClassPathScanningCandidateComponentProvider - Identified candidate component class: file [/home/pedropbazzo/Documentos/web-productszip (1)/web-products-/build/classes/java/main/com/web/products/ProductsApplication.class]
10:52:16.613 [Test worker] INFO org.springframework.boot.test.context.SpringBootTestContextBootstrapper - Found @SpringBootConfiguration com.web.products.ProductsApplication for test class com.web.products.ProductsApplicationTests
10:52:16.745 [Test worker] DEBUG org.springframework.boot.test.context.SpringBootTestContextBootstrapper - @TestExecutionListeners is not present for class [com.web.products.ProductsApplicationTests]: using defaults.
10:52:16.746 [Test worker] INFO org.springframework.boot.test.context.SpringBootTestContextBootstrapper - Loaded default TestExecutionListener class names from location [META-INF/spring.factories]: [org.springframework.boot.test.autoconfigure.restdocs.RestDocsTestExecutionListener, org.springframework.boot.test.autoconfigure.web.client.MockRestServiceServerResetTestExecutionListener, org.springframework.boot.test.autoconfigure.web.servlet.MockMvcPrintOnlyOnFailureTestExecutionListener, org.springframework.boot.test.autoconfigure.web.servlet.WebDriverTestExecutionListener, org.springframework.boot.test.mock.mockito.MockitoTestExecutionListener, org.springframework.boot.test.mock.mockito.ResetMocksTestExecutionListener, org.springframework.test.context.web.ServletTestExecutionListener, org.springframework.test.context.support.DirtiesContextBeforeModesTestExecutionListener, org.springframework.test.context.support.DependencyInjectionTestExecutionListener, org.springframework.test.context.support.DirtiesContextTestExecutionListener, org.springframework.test.context.transaction.TransactionalTestExecutionListener, org.springframework.test.context.jdbc.SqlScriptsTestExecutionListener, org.springframework.test.context.event.EventPublishingTestExecutionListener]
10:52:16.765 [Test worker] INFO org.springframework.boot.test.context.SpringBootTestContextBootstrapper - Using TestExecutionListeners: [org.springframework.test.context.web.ServletTestExecutionListener@1ffdb1f2, org.springframework.test.context.support.DirtiesContextBeforeModesTestExecutionListener@1ef63ac9, org.springframework.boot.test.mock.mockito.MockitoTestExecutionListener@54c82a0a, org.springframework.boot.test.autoconfigure.SpringBootDependencyInjectionTestExecutionListener@6a4e22a7, org.springframework.test.context.support.DirtiesContextTestExecutionListener@184e6c3d, org.springframework.test.context.transaction.TransactionalTestExecutionListener@37c12d8f, org.springframework.test.context.jdbc.SqlScriptsTestExecutionListener@22ccc907, org.springframework.test.context.event.EventPublishingTestExecutionListener@390c9ce3, org.springframework.boot.test.autoconfigure.restdocs.RestDocsTestExecutionListener@52c8307b, org.springframework.boot.test.autoconfigure.web.client.MockRestServiceServerResetTestExecutionListener@6c5bd2f8, org.springframework.boot.test.autoconfigure.web.servlet.MockMvcPrintOnlyOnFailureTestExecutionListener@281bba85, org.springframework.boot.test.autoconfigure.web.servlet.WebDriverTestExecutionListener@75add0e1, org.springframework.boot.test.mock.mockito.ResetMocksTestExecutionListener@66757dc7]
10:52:16.769 [Test worker] DEBUG org.springframework.test.context.support.AbstractDirtiesContextTestExecutionListener - Before test class: context [DefaultTestContext@7c9425fb testClass = ProductsApplicationTests, testInstance = [null], testMethod = [null], testException = [null], mergedContextConfiguration = [WebMergedContextConfiguration@5cc80570 testClass = ProductsApplicationTests, locations = '{}', classes = '{class com.web.products.ProductsApplication}', contextInitializerClasses = '[]', activeProfiles = '{}', propertySourceLocations = '{}', propertySourceProperties = '{org.springframework.boot.test.context.SpringBootTestContextBootstrapper=true}', contextCustomizers = set[org.springframework.boot.test.autoconfigure.properties.PropertyMappingContextCustomizer@0, org.springframework.boot.test.autoconfigure.web.servlet.WebDriverContextCustomizerFactory$Customizer@27a4ee87, org.springframework.boot.test.context.filter.ExcludeFilterContextCustomizer@4ff493b4, org.springframework.boot.test.json.DuplicateJsonObjectContextCustomizerFactory$DuplicateJsonObjectContextCustomizer@2d865a6d, org.springframework.boot.test.mock.mockito.MockitoContextCustomizer@0, org.springframework.boot.test.web.client.TestRestTemplateContextCustomizer@5fcf5552], resourceBasePath = 'src/main/webapp', contextLoader = 'org.springframework.boot.test.context.SpringBootContextLoader', parent = [null]], attributes = map['org.springframework.test.context.web.ServletTestExecutionListener.activateListener' -> true]], class annotated with @DirtiesContext [false] with mode [null].
10:52:16.808 [Test worker] DEBUG org.springframework.test.context.support.TestPropertySourceUtils - Adding inlined properties to environment: {spring.jmx.enabled=false, org.springframework.boot.test.context.SpringBootTestContextBootstrapper=true, server.port=-1}

  .   ____          _            __ _ _
 /\\ / ___'_ __ _ _(_)_ __  __ _ \ \ \ \
( ( )\___ | '_ | '_| | '_ \/ _` | \ \ \ \
 \\/  ___)| |_)| | | | | || (_| |  ) ) ) )
  '  |____| .__|_| |_|_| |_\__, | / / / /
 =========|_|==============|___/=/_/_/_/
 :: Spring Boot ::        (v2.2.6.RELEASE)

2021-05-22 10:52:17.468  INFO 40741 --- [    Test worker] c.web.products.ProductsApplicationTests  : Starting ProductsApplicationTests on pedropbazzo with PID 40741 (started by pedropbazzo in /home/pedropbazzo/Documentos/web-productszip (1)/web-products-)
2021-05-22 10:52:17.475  INFO 40741 --- [    Test worker] c.web.products.ProductsApplicationTests  : No active profile set, falling back to default profiles: default
2021-05-22 10:52:18.841  INFO 40741 --- [    Test worker] .s.d.r.c.RepositoryConfigurationDelegate : Bootstrapping Spring Data JPA repositories in DEFAULT mode.
2021-05-22 10:52:18.987  INFO 40741 --- [    Test worker] .s.d.r.c.RepositoryConfigurationDelegate : Finished Spring Data repository scanning in 130ms. Found 1 JPA repository interfaces.
2021-05-22 10:52:19.978  INFO 40741 --- [    Test worker] com.zaxxer.hikari.HikariDataSource       : HikariPool-1 - Starting...
2021-05-22 10:52:20.204  INFO 40741 --- [    Test worker] com.zaxxer.hikari.HikariDataSource       : HikariPool-1 - Start completed.
2021-05-22 10:52:20.341  INFO 40741 --- [    Test worker] o.hibernate.jpa.internal.util.LogHelper  : HHH000204: Processing PersistenceUnitInfo [name: default]
2021-05-22 10:52:20.481  INFO 40741 --- [    Test worker] org.hibernate.Version                    : HHH000412: Hibernate ORM core version 5.4.12.Final
2021-05-22 10:52:20.665  INFO 40741 --- [    Test worker] o.hibernate.annotations.common.Version   : HCANN000001: Hibernate Commons Annotations {5.1.0.Final}
2021-05-22 10:52:20.855  INFO 40741 --- [    Test worker] org.hibernate.dialect.Dialect            : HHH000400: Using dialect: org.hibernate.dialect.H2Dialect
2021-05-22 10:52:21.954  INFO 40741 --- [    Test worker] o.h.e.t.j.p.i.JtaPlatformInitiator       : HHH000490: Using JtaPlatform implementation: [org.hibernate.engine.transaction.jta.platform.internal.NoJtaPlatform]
2021-05-22 10:52:21.966  INFO 40741 --- [    Test worker] j.LocalContainerEntityManagerFactoryBean : Initialized JPA EntityManagerFactory for persistence unit 'default'
2021-05-22 10:52:22.762  WARN 40741 --- [    Test worker] JpaBaseConfiguration$JpaWebConfiguration : spring.jpa.open-in-view is enabled by default. Therefore, database queries may be performed during view rendering. Explicitly configure spring.jpa.open-in-view to disable this warning
2021-05-22 10:52:23.663  INFO 40741 --- [    Test worker] o.s.s.concurrent.ThreadPoolTaskExecutor  : Initializing ExecutorService 'applicationTaskExecutor'
2021-05-22 10:52:24.077  INFO 40741 --- [    Test worker] o.s.b.a.h2.H2ConsoleAutoConfiguration    : H2 console available at '/h2-console'. Database available at 'jdbc:h2:mem:db'
2021-05-22 10:52:24.210  INFO 40741 --- [    Test worker] c.web.products.ProductsApplicationTests  : Started ProductsApplicationTests in 7.388 seconds (JVM running for 9.346)
]]></system-out>
  <system-err><![CDATA[]]></system-err>
</testsuite>
