<?xml version="1.0" encoding="UTF-8"?>
<testsuite name="com.web.products.service.ProductServiceTeste" tests="1" skipped="0" failures="0" errors="0" timestamp="2021-05-22T13:52:24" hostname="pedropbazzo" time="0.178">
  <properties/>
  <testcase name="createProductWithSuccess()" classname="com.web.products.service.ProductServiceTeste" time="0.178"/>
  <system-out><![CDATA[2021-05-22 10:52:24.484  INFO 40741 --- [    Test worker] .b.t.c.SpringBootTestContextBootstrapper : Neither @ContextConfiguration nor @ContextHierarchy found for test class [com.web.products.service.ProductServiceTeste], using SpringBootContextLoader
2021-05-22 10:52:24.485  INFO 40741 --- [    Test worker] o.s.t.c.support.AbstractContextLoader    : Could not detect default resource locations for test class [com.web.products.service.ProductServiceTeste]: no resource found for suffixes {-context.xml, Context.groovy}.
2021-05-22 10:52:24.486  INFO 40741 --- [    Test worker] t.c.s.AnnotationConfigContextLoaderUtils : Could not detect default configuration classes for test class [com.web.products.service.ProductServiceTeste]: ProductServiceTeste does not declare any static, non-private, non-final, nested classes annotated with @Configuration.
2021-05-22 10:52:24.502  INFO 40741 --- [    Test worker] .b.t.c.SpringBootTestContextBootstrapper : Found @SpringBootConfiguration com.web.products.ProductsApplication for test class com.web.products.service.ProductServiceTeste
2021-05-22 10:52:24.505  INFO 40741 --- [    Test worker] .b.t.c.SpringBootTestContextBootstrapper : Loaded default TestExecutionListener class names from location [META-INF/spring.factories]: [org.springframework.boot.test.autoconfigure.restdocs.RestDocsTestExecutionListener, org.springframework.boot.test.autoconfigure.web.client.MockRestServiceServerResetTestExecutionListener, org.springframework.boot.test.autoconfigure.web.servlet.MockMvcPrintOnlyOnFailureTestExecutionListener, org.springframework.boot.test.autoconfigure.web.servlet.WebDriverTestExecutionListener, org.springframework.boot.test.mock.mockito.MockitoTestExecutionListener, org.springframework.boot.test.mock.mockito.ResetMocksTestExecutionListener, org.springframework.test.context.web.ServletTestExecutionListener, org.springframework.test.context.support.DirtiesContextBeforeModesTestExecutionListener, org.springframework.test.context.support.DependencyInjectionTestExecutionListener, org.springframework.test.context.support.DirtiesContextTestExecutionListener, org.springframework.test.context.transaction.TransactionalTestExecutionListener, org.springframework.test.context.jdbc.SqlScriptsTestExecutionListener, org.springframework.test.context.event.EventPublishingTestExecutionListener]
2021-05-22 10:52:24.506  INFO 40741 --- [    Test worker] .b.t.c.SpringBootTestContextBootstrapper : Using TestExecutionListeners: [org.springframework.test.context.web.ServletTestExecutionListener@5ce80e8b, org.springframework.test.context.support.DirtiesContextBeforeModesTestExecutionListener@d49ffc6, org.springframework.boot.test.mock.mockito.MockitoTestExecutionListener@1021a4d2, org.springframework.boot.test.autoconfigure.SpringBootDependencyInjectionTestExecutionListener@1757b5bf, org.springframework.test.context.support.DirtiesContextTestExecutionListener@b576d88, org.springframework.test.context.transaction.TransactionalTestExecutionListener@49a214eb, org.springframework.test.context.jdbc.SqlScriptsTestExecutionListener@54b82e39, org.springframework.test.context.event.EventPublishingTestExecutionListener@7e68935c, org.springframework.boot.test.autoconfigure.restdocs.RestDocsTestExecutionListener@4ee38a34, org.springframework.boot.test.autoconfigure.web.client.MockRestServiceServerResetTestExecutionListener@17bfda4f, org.springframework.boot.test.autoconfigure.web.servlet.MockMvcPrintOnlyOnFailureTestExecutionListener@2e3e767, org.springframework.boot.test.autoconfigure.web.servlet.WebDriverTestExecutionListener@382b6614, org.springframework.boot.test.mock.mockito.ResetMocksTestExecutionListener@6a4bf90f]
]]></system-out>
  <system-err><![CDATA[]]></system-err>
</testsuite>
